160109  9:37:44 [Note] InnoDB: Using mutexes to ref count buffer pool pages
160109  9:37:44 [Note] InnoDB: The InnoDB memory heap is disabled
160109  9:37:44 [Note] InnoDB: Mutexes and rw_locks use GCC atomic builtins
160109  9:37:44 [Note] InnoDB: Memory barrier is not used
160109  9:37:44 [Note] InnoDB: Compressed tables use zlib 1.2.8
160109  9:37:44 [Note] InnoDB: Using Linux native AIO
160109  9:37:44 [Note] InnoDB: Not using CPU crc32 instructions
160109  9:37:44 [Note] InnoDB: Initializing buffer pool, size = 128.0M
160109  9:37:44 [Note] InnoDB: Completed initialization of buffer pool
160109  9:37:44 [Note] InnoDB: The first specified data file ./ibdata1 did not exist: a new database to be created!
160109  9:37:44 [Note] InnoDB: Setting file ./ibdata1 size to 12 MB
160109  9:37:44 [Note] InnoDB: Database physically writes the file full: wait...
160109  9:37:44 [Note] InnoDB: Setting log file ./ib_logfile101 size to 48 MB
160109  9:37:44 [Note] InnoDB: Setting log file ./ib_logfile1 size to 48 MB
160109  9:37:44 [Note] InnoDB: Renaming log file ./ib_logfile101 to ./ib_logfile0
160109  9:37:44 [Warning] InnoDB: New log files created, LSN=45781
160109  9:37:44 [Note] InnoDB: Doublewrite buffer not found: creating new
160109  9:37:44 [Note] InnoDB: Doublewrite buffer created
160109  9:37:44 [Note] InnoDB: 128 rollback segment(s) are active.
160109  9:37:44 [Warning] InnoDB: Creating foreign key constraint system tables.
160109  9:37:44 [Note] InnoDB: Foreign key constraint system tables created
160109  9:37:44 [Note] InnoDB: Creating tablespace and datafile system tables.
160109  9:37:44 [Note] InnoDB: Tablespace and datafile system tables created.
160109  9:37:44 [Note] InnoDB: Waiting for purge to start
160109  9:37:44 [Note] InnoDB:  Percona XtraDB (http://www.percona.com) 5.6.26-74.0 started; log sequence number 0
160109  9:37:44 [Note] InnoDB: FTS optimize thread exiting.
160109  9:37:44 [Note] InnoDB: Starting shutdown...
160109  9:37:46 [Note] InnoDB: Shutdown completed; log sequence number 1616697
160109  9:37:46 [Note] InnoDB: Using mutexes to ref count buffer pool pages
160109  9:37:46 [Note] InnoDB: The InnoDB memory heap is disabled
160109  9:37:46 [Note] InnoDB: Mutexes and rw_locks use GCC atomic builtins
160109  9:37:46 [Note] InnoDB: Memory barrier is not used
160109  9:37:46 [Note] InnoDB: Compressed tables use zlib 1.2.8
160109  9:37:46 [Note] InnoDB: Using Linux native AIO
160109  9:37:46 [Note] InnoDB: Not using CPU crc32 instructions
160109  9:37:46 [Note] InnoDB: Initializing buffer pool, size = 128.0M
160109  9:37:46 [Note] InnoDB: Completed initialization of buffer pool
160109  9:37:46 [Note] InnoDB: Highest supported file format is Barracuda.
160109  9:37:46 [Note] InnoDB: 128 rollback segment(s) are active.
160109  9:37:46 [Note] InnoDB: Waiting for purge to start
160109  9:37:46 [Note] InnoDB:  Percona XtraDB (http://www.percona.com) 5.6.26-74.0 started; log sequence number 1616697
160109  9:37:46 [Note] InnoDB: FTS optimize thread exiting.
160109  9:37:46 [Note] InnoDB: Starting shutdown...
160109  9:37:49 [Note] InnoDB: Shutdown completed; log sequence number 1616707
160109  9:37:49 [Note] InnoDB: Using mutexes to ref count buffer pool pages
160109  9:37:49 [Note] InnoDB: The InnoDB memory heap is disabled
160109  9:37:49 [Note] InnoDB: Mutexes and rw_locks use GCC atomic builtins
160109  9:37:49 [Note] InnoDB: Memory barrier is not used
160109  9:37:49 [Note] InnoDB: Compressed tables use zlib 1.2.8
160109  9:37:49 [Note] InnoDB: Using Linux native AIO
160109  9:37:49 [Note] InnoDB: Not using CPU crc32 instructions
160109  9:37:49 [Note] InnoDB: Initializing buffer pool, size = 128.0M
160109  9:37:49 [Note] InnoDB: Completed initialization of buffer pool
160109  9:37:49 [Note] InnoDB: Highest supported file format is Barracuda.
160109  9:37:49 [Note] InnoDB: 128 rollback segment(s) are active.
160109  9:37:49 [Note] InnoDB: Waiting for purge to start
160109  9:37:49 [Note] InnoDB:  Percona XtraDB (http://www.percona.com) 5.6.26-74.0 started; log sequence number 1616707
160109  9:37:49 [Note] Plugin 'FEEDBACK' is disabled.
160109  9:37:49 [Note] InnoDB: FTS optimize thread exiting.
160109  9:37:49 [Note] InnoDB: Starting shutdown...
160109  9:37:51 [Note] InnoDB: Shutdown completed; log sequence number 1616717
160109  9:37:51 [Note] InnoDB: Using mutexes to ref count buffer pool pages
160109  9:37:51 [Note] InnoDB: The InnoDB memory heap is disabled
160109  9:37:51 [Note] InnoDB: Mutexes and rw_locks use GCC atomic builtins
160109  9:37:51 [Note] InnoDB: Memory barrier is not used
160109  9:37:51 [Note] InnoDB: Compressed tables use zlib 1.2.8
160109  9:37:51 [Note] InnoDB: Using Linux native AIO
160109  9:37:51 [Note] InnoDB: Not using CPU crc32 instructions
160109  9:37:51 [Note] InnoDB: Initializing buffer pool, size = 128.0M
160109  9:37:51 [Note] InnoDB: Completed initialization of buffer pool
160109  9:37:51 [Note] InnoDB: Highest supported file format is Barracuda.
160109  9:37:51 [Note] InnoDB: 128 rollback segment(s) are active.
160109  9:37:51 [Note] InnoDB: Waiting for purge to start
160109  9:37:51 [Note] InnoDB:  Percona XtraDB (http://www.percona.com) 5.6.26-74.0 started; log sequence number 1616717
160109  9:37:51 [Note] Plugin 'FEEDBACK' is disabled.
ERROR: 1968  Plugin 'unix_socket' already installed
160109  9:37:51 [ERROR] Aborting

160109  9:37:51 [Note] InnoDB: FTS optimize thread exiting.
160109  9:37:51 [Note] InnoDB: Starting shutdown...
160109  9:37:53 [Note] InnoDB: Shutdown completed; log sequence number 1616727
160109  9:37:53 [Note] /usr/sbin/mysqld: Shutdown complete

160109  9:37:53 [Note] InnoDB: Using mutexes to ref count buffer pool pages
160109  9:37:53 [Note] InnoDB: The InnoDB memory heap is disabled
160109  9:37:53 [Note] InnoDB: Mutexes and rw_locks use GCC atomic builtins
160109  9:37:53 [Note] InnoDB: Memory barrier is not used
160109  9:37:53 [Note] InnoDB: Compressed tables use zlib 1.2.8
160109  9:37:53 [Note] InnoDB: Using Linux native AIO
160109  9:37:53 [Note] InnoDB: Not using CPU crc32 instructions
160109  9:37:53 [Note] InnoDB: Initializing buffer pool, size = 128.0M
160109  9:37:53 [Note] InnoDB: Completed initialization of buffer pool
160109  9:37:53 [Note] InnoDB: Highest supported file format is Barracuda.
160109  9:37:53 [Note] InnoDB: 128 rollback segment(s) are active.
160109  9:37:53 [Note] InnoDB: Waiting for purge to start
160109  9:37:53 [Note] InnoDB:  Percona XtraDB (http://www.percona.com) 5.6.26-74.0 started; log sequence number 1616727
160109  9:37:53 [Note] Plugin 'FEEDBACK' is disabled.
160109  9:37:53 [Note] InnoDB: FTS optimize thread exiting.
160109  9:37:53 [Note] InnoDB: Starting shutdown...
160109  9:37:55 [Note] InnoDB: Shutdown completed; log sequence number 1616737
160109  9:37:56 [Note] InnoDB: Using mutexes to ref count buffer pool pages
160109  9:37:56 [Note] InnoDB: The InnoDB memory heap is disabled
160109  9:37:56 [Note] InnoDB: Mutexes and rw_locks use GCC atomic builtins
160109  9:37:56 [Note] InnoDB: Memory barrier is not used
160109  9:37:56 [Note] InnoDB: Compressed tables use zlib 1.2.8
160109  9:37:56 [Note] InnoDB: Using Linux native AIO
160109  9:37:56 [Note] InnoDB: Not using CPU crc32 instructions
160109  9:37:56 [Note] InnoDB: Initializing buffer pool, size = 128.0M
160109  9:37:56 [Note] InnoDB: Completed initialization of buffer pool
160109  9:37:56 [Note] InnoDB: Highest supported file format is Barracuda.
160109  9:37:56 [Note] InnoDB: 128 rollback segment(s) are active.
160109  9:37:56 [Note] InnoDB: Waiting for purge to start
160109  9:37:56 [Note] InnoDB:  Percona XtraDB (http://www.percona.com) 5.6.26-74.0 started; log sequence number 1616737
160109  9:37:56 [Note] Plugin 'FEEDBACK' is disabled.
ERROR: 1290  The MariaDB server is running with the --skip-grant-tables option so it cannot execute this statement
160109  9:37:56 [ERROR] Aborting

160109  9:37:56 [Note] InnoDB: FTS optimize thread exiting.
160109  9:37:56 [Note] InnoDB: Starting shutdown...
160109  9:37:58 [Note] InnoDB: Shutdown completed; log sequence number 1616747
160109  9:37:58 [Note] /usr/sbin/mysqld: Shutdown complete

